La génération a démarré 17/12/2013 19:48:18.
     1>Projet "C:\Users\Administrateur\Documents\Master Jeux Video\M2 Jeux Video\OpenGL\OpenGL\ESGIGL\EsgiGL.vcxproj" sur le nœud 2 (build cible(s)).
     1>C:\Program Files (x86)\MSBuild\Microsoft.Cpp\v4.0\Microsoft.CppBuild.targets(299,5): warning MSB8004: Le répertoire Output ne se termine pas par une barre oblique finale.  Cette instance de build ajoutera une barre oblique, comme requis, pour permettre l'évaluation correcte du répertoire Output.
     1>InitializeBuildStatus:
         Création de "build\Debug EGL\EsgiGL.unsuccessfulbuild", car "AlwaysCreate" a été spécifié.
       ClCompile:
         C:\Program Files (x86)\Microsoft Visual Studio 10.0\VC\bin\CL.exe /c /I. /I./libs /ZI /nologo /W3 /WX- /Od /Oy- /D ESGI_GLES_20 /D WIN32 /D _DEBUG /D _LIB /Gm /EHsc /RTC1 /MDd /GS /fp:precise /Zc:wchar_t /Zc:forScope /Fo"build\Debug EGL\\" /Fd"build\Debug EGL\vc100.pdb" /Gd /TP /analyze- /errorReport:prompt EsgiGL.cpp EsgiShader.cpp Plateforme\Windows\EsgiEGL.cpp common\EsgiMesh.cpp common\EsgiUtils.cpp common\cube.cpp common\matrix.cpp
         EsgiGL.cpp
         Génération de code en cours...
         Compilation en cours...
         matrix.cpp
         cube.cpp
         EsgiUtils.cpp
     1>c:\users\administrateur\documents\master jeux video\m2 jeux video\opengl\opengl\esgigl\common\esgiutils.cpp(74): warning C4101: 'linked' : variable locale non référencée
         EsgiMesh.cpp
     1>c:\users\administrateur\documents\master jeux video\m2 jeux video\opengl\opengl\esgigl\common\esgimesh.cpp(41): warning C4996: 'fopen': This function or variable may be unsafe. Consider using fopen_s instead. To disable deprecation, use _CRT_SECURE_NO_WARNINGS. See online help for details.
                 c:\program files (x86)\microsoft visual studio 10.0\vc\include\stdio.h(234) : voir la déclaration de 'fopen'
     1>c:\users\administrateur\documents\master jeux video\m2 jeux video\opengl\opengl\esgigl\common\esgimesh.cpp(68): warning C4996: 'sscanf': This function or variable may be unsafe. Consider using sscanf_s instead. To disable deprecation, use _CRT_SECURE_NO_WARNINGS. See online help for details.
                 c:\program files (x86)\microsoft visual studio 10.0\vc\include\stdio.h(325) : voir la déclaration de 'sscanf'
     1>c:\users\administrateur\documents\master jeux video\m2 jeux video\opengl\opengl\esgigl\common\esgimesh.cpp(76): warning C4018: '<' : incompatibilité signed/unsigned
     1>c:\users\administrateur\documents\master jeux video\m2 jeux video\opengl\opengl\esgigl\common\esgimesh.cpp(87): warning C4996: 'sscanf': This function or variable may be unsafe. Consider using sscanf_s instead. To disable deprecation, use _CRT_SECURE_NO_WARNINGS. See online help for details.
                 c:\program files (x86)\microsoft visual studio 10.0\vc\include\stdio.h(325) : voir la déclaration de 'sscanf'
     1>c:\users\administrateur\documents\master jeux video\m2 jeux video\opengl\opengl\esgigl\common\esgimesh.cpp(94): warning C4996: 'sscanf': This function or variable may be unsafe. Consider using sscanf_s instead. To disable deprecation, use _CRT_SECURE_NO_WARNINGS. See online help for details.
                 c:\program files (x86)\microsoft visual studio 10.0\vc\include\stdio.h(325) : voir la déclaration de 'sscanf'
     1>c:\users\administrateur\documents\master jeux video\m2 jeux video\opengl\opengl\esgigl\common\esgimesh.cpp(96): warning C4996: 'sscanf': This function or variable may be unsafe. Consider using sscanf_s instead. To disable deprecation, use _CRT_SECURE_NO_WARNINGS. See online help for details.
                 c:\program files (x86)\microsoft visual studio 10.0\vc\include\stdio.h(325) : voir la déclaration de 'sscanf'
     1>c:\users\administrateur\documents\master jeux video\m2 jeux video\opengl\opengl\esgigl\common\esgimesh.cpp(98): warning C4996: 'sscanf': This function or variable may be unsafe. Consider using sscanf_s instead. To disable deprecation, use _CRT_SECURE_NO_WARNINGS. See online help for details.
                 c:\program files (x86)\microsoft visual studio 10.0\vc\include\stdio.h(325) : voir la déclaration de 'sscanf'
     1>c:\users\administrateur\documents\master jeux video\m2 jeux video\opengl\opengl\esgigl\common\esgimesh.cpp(121): warning C4996: 'strtok': This function or variable may be unsafe. Consider using strtok_s instead. To disable deprecation, use _CRT_SECURE_NO_WARNINGS. See online help for details.
                 c:\program files (x86)\microsoft visual studio 10.0\vc\include\string.h(197) : voir la déclaration de 'strtok'
     1>c:\users\administrateur\documents\master jeux video\m2 jeux video\opengl\opengl\esgigl\common\esgimesh.cpp(131): warning C4996: 'strncpy': This function or variable may be unsafe. Consider using strncpy_s instead. To disable deprecation, use _CRT_SECURE_NO_WARNINGS. See online help for details.
                 c:\program files (x86)\microsoft visual studio 10.0\vc\include\string.h(188) : voir la déclaration de 'strncpy'
     1>c:\users\administrateur\documents\master jeux video\m2 jeux video\opengl\opengl\esgigl\common\esgimesh.cpp(148): warning C4996: 'strncpy': This function or variable may be unsafe. Consider using strncpy_s instead. To disable deprecation, use _CRT_SECURE_NO_WARNINGS. See online help for details.
                 c:\program files (x86)\microsoft visual studio 10.0\vc\include\string.h(188) : voir la déclaration de 'strncpy'
     1>c:\users\administrateur\documents\master jeux video\m2 jeux video\opengl\opengl\esgigl\common\esgimesh.cpp(162): warning C4996: 'strncpy': This function or variable may be unsafe. Consider using strncpy_s instead. To disable deprecation, use _CRT_SECURE_NO_WARNINGS. See online help for details.
                 c:\program files (x86)\microsoft visual studio 10.0\vc\include\string.h(188) : voir la déclaration de 'strncpy'
     1>c:\users\administrateur\documents\master jeux video\m2 jeux video\opengl\opengl\esgigl\common\esgimesh.cpp(185): warning C4996: 'strtok': This function or variable may be unsafe. Consider using strtok_s instead. To disable deprecation, use _CRT_SECURE_NO_WARNINGS. See online help for details.
                 c:\program files (x86)\microsoft visual studio 10.0\vc\include\string.h(197) : voir la déclaration de 'strtok'
     1>c:\users\administrateur\documents\master jeux video\m2 jeux video\opengl\opengl\esgigl\common\esgimesh.cpp(227): warning C4018: '<' : incompatibilité signed/unsigned
         EsgiEGL.cpp
     1>c:\users\administrateur\documents\master jeux video\m2 jeux video\opengl\opengl\esgigl\plateforme\windows\esgiegl.cpp(34): warning C4996: 'vsnprintf': This function or variable may be unsafe. Consider using vsnprintf_s instead. To disable deprecation, use _CRT_SECURE_NO_WARNINGS. See online help for details.
                 c:\program files (x86)\microsoft visual studio 10.0\vc\include\stdio.h(354) : voir la déclaration de 'vsnprintf'
     1>c:\users\administrateur\documents\master jeux video\m2 jeux video\opengl\opengl\esgigl\plateforme\windows\esgiegl.cpp(50): warning C4996: 'vsnprintf': This function or variable may be unsafe. Consider using vsnprintf_s instead. To disable deprecation, use _CRT_SECURE_NO_WARNINGS. See online help for details.
                 c:\program files (x86)\microsoft visual studio 10.0\vc\include\stdio.h(354) : voir la déclaration de 'vsnprintf'
     1>c:\users\administrateur\documents\master jeux video\m2 jeux video\opengl\opengl\esgigl\plateforme\windows\esgiegl.cpp(52): warning C4996: 'strcat': This function or variable may be unsafe. Consider using strcat_s instead. To disable deprecation, use _CRT_SECURE_NO_WARNINGS. See online help for details.
                 c:\program files (x86)\microsoft visual studio 10.0\vc\include\string.h(110) : voir la déclaration de 'strcat'
         EsgiShader.cpp
     1>c:\users\administrateur\documents\master jeux video\m2 jeux video\opengl\opengl\esgigl\esgishader.cpp(23): warning C4996: 'fopen': This function or variable may be unsafe. Consider using fopen_s instead. To disable deprecation, use _CRT_SECURE_NO_WARNINGS. See online help for details.
                 c:\program files (x86)\microsoft visual studio 10.0\vc\include\stdio.h(234) : voir la déclaration de 'fopen'
         Génération de code en cours...
       Lib:
         C:\Program Files (x86)\Microsoft Visual Studio 10.0\VC\bin\Lib.exe /OUT:"Libs\EsgiGLES2debug.lib" /LIBPATH:./Libs /NOLOGO "build\Debug EGL\cube.obj"
         "build\Debug EGL\EsgiUtils.obj"
         "build\Debug EGL\EsgiMesh.obj"
         "build\Debug EGL\matrix.obj"
         "build\Debug EGL\EsgiGL.obj"
         "build\Debug EGL\EsgiShader.obj"
         "build\Debug EGL\EsgiEGL.obj"
         "build\Debug EGL\EsgiWindows.obj"
         "build\Debug EGL\EsgiWinExtensions.obj"
         EsgiGL.vcxproj -> C:\Users\Administrateur\Documents\Master Jeux Video\M2 Jeux Video\OpenGL\OpenGL\ESGIGL\Libs\EsgiGLES2debug.lib
       FinalizeBuildStatus:
         Suppression du fichier "build\Debug EGL\EsgiGL.unsuccessfulbuild".
         Mise à jour de l'horodatage "build\Debug EGL\EsgiGL.lastbuildstate".
     1>Génération du projet "C:\Users\Administrateur\Documents\Master Jeux Video\M2 Jeux Video\OpenGL\OpenGL\ESGIGL\EsgiGL.vcxproj" terminée (build cible(s)).

La génération a réussi.

Temps écoulé 00:00:02.14
