.\Memoire_debug.ilk
.\Memoire_debug.pdb
C:\Users\Administrateur\Documents\Master Jeux Video\M2 Jeux Video\OpenGL\OpenGL\Projets4ijv\Memoire\.\Memoire_debug.exe
C:\Users\Administrateur\Documents\Master Jeux Video\M2 Jeux Video\OpenGL\OpenGL\Projets4ijv\Memoire\Debug GL2\cl.command.1.tlog
C:\Users\Administrateur\Documents\Master Jeux Video\M2 Jeux Video\OpenGL\OpenGL\Projets4ijv\Memoire\Debug GL2\CL.read.1.tlog
C:\Users\Administrateur\Documents\Master Jeux Video\M2 Jeux Video\OpenGL\OpenGL\Projets4ijv\Memoire\Debug GL2\CL.write.1.tlog
C:\Users\Administrateur\Documents\Master Jeux Video\M2 Jeux Video\OpenGL\OpenGL\Projets4ijv\Memoire\Debug GL2\link.command.1.tlog
C:\Users\Administrateur\Documents\Master Jeux Video\M2 Jeux Video\OpenGL\OpenGL\Projets4ijv\Memoire\Debug GL2\link.read.1.tlog
C:\Users\Administrateur\Documents\Master Jeux Video\M2 Jeux Video\OpenGL\OpenGL\Projets4ijv\Memoire\Debug GL2\link.write.1.tlog
C:\USERS\ADMINISTRATEUR\DOCUMENTS\MASTER JEUX VIDEO\M2 JEUX VIDEO\OPENGL\OPENGL\PROJETS4IJV\MEMOIRE\DEBUG GL2\MEMOIRE.OBJ
C:\Users\Administrateur\Documents\Master Jeux Video\M2 Jeux Video\OpenGL\OpenGL\Projets4ijv\Memoire\Debug GL2\Memoire.vcxprojResolveAssemblyReference.cache
C:\Users\Administrateur\Documents\Master Jeux Video\M2 Jeux Video\OpenGL\OpenGL\Projets4ijv\Memoire\Debug GL2\Memoire.write.1.tlog
C:\USERS\ADMINISTRATEUR\DOCUMENTS\MASTER JEUX VIDEO\M2 JEUX VIDEO\OPENGL\OPENGL\PROJETS4IJV\MEMOIRE\DEBUG GL2\MEMOIRE_DEBUG.EXE.INTERMEDIATE.MANIFEST
C:\Users\Administrateur\Documents\Master Jeux Video\M2 Jeux Video\OpenGL\OpenGL\Projets4ijv\Memoire\Debug GL2\mt.command.1.tlog
C:\Users\Administrateur\Documents\Master Jeux Video\M2 Jeux Video\OpenGL\OpenGL\Projets4ijv\Memoire\Debug GL2\mt.read.1.tlog
C:\Users\Administrateur\Documents\Master Jeux Video\M2 Jeux Video\OpenGL\OpenGL\Projets4ijv\Memoire\Debug GL2\mt.write.1.tlog
C:\USERS\ADMINISTRATEUR\DOCUMENTS\MASTER JEUX VIDEO\M2 JEUX VIDEO\OPENGL\OPENGL\PROJETS4IJV\MEMOIRE\DEBUG GL2\PMC.OBJ
C:\Users\Administrateur\Documents\Master Jeux Video\M2 Jeux Video\OpenGL\OpenGL\Projets4ijv\Memoire\Debug GL2\vc100.idb
C:\USERS\ADMINISTRATEUR\DOCUMENTS\MASTER JEUX VIDEO\M2 JEUX VIDEO\OPENGL\OPENGL\PROJETS4IJV\MEMOIRE\DEBUG GL2\VC100.PDB
C:\USERS\ADMINISTRATEUR\DOCUMENTS\MASTER JEUX VIDEO\M2 JEUX VIDEO\OPENGL\OPENGL\PROJETS4IJV\MEMOIRE\MEMOIRE_DEBUG.EXE
C:\USERS\ADMINISTRATEUR\DOCUMENTS\MASTER JEUX VIDEO\M2 JEUX VIDEO\OPENGL\OPENGL\PROJETS4IJV\MEMOIRE\MEMOIRE_DEBUG.ILK
C:\USERS\ADMINISTRATEUR\DOCUMENTS\MASTER JEUX VIDEO\M2 JEUX VIDEO\OPENGL\OPENGL\PROJETS4IJV\MEMOIRE\MEMOIRE_DEBUG.PDB
